<?xml version="1.0" encoding="UTF-8"?>
<!-- Generated by org.testng.reporters.JUnitReportReporter -->
<testsuite hostname="DESKTOP-8BVEME5" failures="0" tests="1" name="SumValidation" time="1.982" errors="0" timestamp="2024-01-17T13:14:53 IST" skipped="0">
  <testcase classname="SumValidation" name="sumOfCourses" time="1.982"/>
  <system-out/>
</testsuite> <!-- SumValidation -->
